SF:/home/ejb/sandbox/blog/BlogApi/Maps/BlogMap.cs
FN:6,System.Void BlogMap::.ctor(Microsoft.EntityFrameworkCore.Metadata.Builders.EntityTypeBuilder`1<BlogApi.Models.BlogItem>)
FNDA:0,System.Void BlogMap::.ctor(Microsoft.EntityFrameworkCore.Metadata.Builders.EntityTypeBuilder`1<BlogApi.Models.BlogItem>)
DA:7,0
DA:8,0
DA:9,0
DA:10,0
DA:12,0
DA:13,0
DA:14,0
DA:15,0
DA:16,0
LF:9
LH:0
BRF:0
BRH:0
FNF:1
FNH:0
end_of_record
SF:/home/ejb/sandbox/blog/BlogApi/Program.cs
FN:15,System.Void BlogApi.Program::Main(System.String[])
FNDA:0,System.Void BlogApi.Program::Main(System.String[])
DA:16,0
DA:17,0
DA:18,0
FN:20,Microsoft.AspNetCore.Hosting.IWebHostBuilder BlogApi.Program::CreateWebHostBuilder(System.String[])
FNDA:0,Microsoft.AspNetCore.Hosting.IWebHostBuilder BlogApi.Program::CreateWebHostBuilder(System.String[])
DA:21,0
DA:22,0
LF:5
LH:0
BRF:0
BRH:0
FNF:2
FNH:0
end_of_record
SF:/home/ejb/sandbox/blog/BlogApi/Startup.cs
FN:26,Microsoft.Extensions.Configuration.IConfiguration BlogApi.Startup::get_Configuration()
FNDA:0,Microsoft.Extensions.Configuration.IConfiguration BlogApi.Startup::get_Configuration()
DA:27,0
FN:30,System.Void BlogApi.Startup::ConfigureServices(Microsoft.Extensions.DependencyInjection.IServiceCollection)
FNDA:0,System.Void BlogApi.Startup::ConfigureServices(Microsoft.Extensions.DependencyInjection.IServiceCollection)
DA:31,0
DA:32,0
DA:34,0
DA:35,0
DA:37,0
DA:39,0
DA:40,0
FN:43,System.Void BlogApi.Startup::Configure(Microsoft.AspNetCore.Builder.IApplicationBuilder,Microsoft.AspNetCore.Hosting.IHostingEnvironment)
FNDA:0,System.Void BlogApi.Startup::Configure(Microsoft.AspNetCore.Builder.IApplicationBuilder,Microsoft.AspNetCore.Hosting.IHostingEnvironment)
DA:44,0
DA:45,0
DA:46,0
DA:47,0
DA:48,0
DA:50,0
DA:52,0
DA:53,0
DA:54,0
DA:55,0
DA:57,0
DA:58,0
BRDA:45,9,0,0
BRDA:45,9,1,0
FN:21,System.Void BlogApi.Startup::.ctor(Microsoft.Extensions.Configuration.IConfiguration)
FNDA:0,System.Void BlogApi.Startup::.ctor(Microsoft.Extensions.Configuration.IConfiguration)
DA:22,0
DA:23,0
DA:24,0
DA:25,0
LF:24
LH:0
BRF:2
BRH:0
FNF:4
FNH:0
end_of_record
SF:/home/ejb/sandbox/blog/BlogApi/Services/BlogService.cs
FN:17,System.Collections.Generic.IEnumerable`1<BlogApi.Models.BlogItem> BlogApi.Services.BlogService::AllBlogs()
FNDA:0,System.Collections.Generic.IEnumerable`1<BlogApi.Models.BlogItem> BlogApi.Services.BlogService::AllBlogs()
DA:18,0
DA:19,0
DA:20,0
DA:21,0
DA:22,0
FN:24,BlogApi.Models.BlogItem BlogApi.Services.BlogService::FindBlog(System.Int32)
FNDA:0,BlogApi.Models.BlogItem BlogApi.Services.BlogService::FindBlog(System.Int32)
DA:25,0
DA:26,0
DA:27,0
DA:28,0
FN:30,System.Void BlogApi.Services.BlogService::AddBlog(BlogApi.Models.BlogItem)
FNDA:0,System.Void BlogApi.Services.BlogService::AddBlog(BlogApi.Models.BlogItem)
DA:31,0
DA:32,0
DA:33,0
FN:36,System.Void BlogApi.Services.BlogService::PutBlogItem(System.Int64,BlogApi.Models.BlogItem)
FNDA:0,System.Void BlogApi.Services.BlogService::PutBlogItem(System.Int64,BlogApi.Models.BlogItem)
DA:37,0
DA:38,0
DA:39,0
DA:40,0
FN:42,System.Void BlogApi.Services.BlogService::DeleteBlogItem(System.Int64)
FNDA:0,System.Void BlogApi.Services.BlogService::DeleteBlogItem(System.Int64)
DA:43,0
DA:44,0
DA:46,0
DA:47,0
DA:48,0
FN:11,System.Void BlogApi.Services.BlogService::.ctor(BlogApi.Models.BlogContext)
FNDA:0,System.Void BlogApi.Services.BlogService::.ctor(BlogApi.Models.BlogContext)
DA:12,0
DA:13,0
DA:14,0
DA:15,0
LF:25
LH:0
BRF:0
BRH:0
FNF:6
FNH:0
end_of_record
SF:/home/ejb/sandbox/blog/BlogApi/Models/BlogContext.cs
FN:11,Microsoft.EntityFrameworkCore.DbSet`1<BlogApi.Models.BlogItem> BlogApi.Models.BlogContext::get_BlogItems()
FNDA:0,Microsoft.EntityFrameworkCore.DbSet`1<BlogApi.Models.BlogItem> BlogApi.Models.BlogContext::get_BlogItems()
DA:12,0
FN:14,System.Void BlogApi.Models.BlogContext::OnModelCreating(Microsoft.EntityFrameworkCore.ModelBuilder)
FNDA:0,System.Void BlogApi.Models.BlogContext::OnModelCreating(Microsoft.EntityFrameworkCore.ModelBuilder)
DA:15,0
DA:16,0
DA:17,0
DA:18,0
FN:6,System.Void BlogApi.Models.BlogContext::.ctor(Microsoft.EntityFrameworkCore.DbContextOptions`1<BlogApi.Models.BlogContext>)
FNDA:0,System.Void BlogApi.Models.BlogContext::.ctor(Microsoft.EntityFrameworkCore.DbContextOptions`1<BlogApi.Models.BlogContext>)
DA:7,0
DA:8,0
DA:10,0
LF:8
LH:0
BRF:0
BRH:0
FNF:3
FNH:0
end_of_record
SF:/home/ejb/sandbox/blog/BlogApi/Models/BlogItem.cs
FN:6,System.Int64 BlogApi.Models.BlogItem::get_Id()
FNDA:157,System.Int64 BlogApi.Models.BlogItem::get_Id()
DA:7,157
FN:7,System.String BlogApi.Models.BlogItem::get_Title()
FNDA:105,System.String BlogApi.Models.BlogItem::get_Title()
DA:8,105
FN:8,System.String BlogApi.Models.BlogItem::get_Body()
FNDA:104,System.String BlogApi.Models.BlogItem::get_Body()
DA:9,104
FN:9,System.DateTime BlogApi.Models.BlogItem::get_TimeStamp()
FNDA:104,System.DateTime BlogApi.Models.BlogItem::get_TimeStamp()
DA:10,104
LF:4
LH:4
BRF:0
BRH:0
FNF:4
FNH:4
end_of_record
SF:/home/ejb/sandbox/blog/BlogApi/Controllers/BlogController.cs
FN:30,System.Collections.Generic.IEnumerable`1<BlogApi.Models.BlogItem> BlogApi.Controllers.BlogController::GetBlogItems()
FNDA:1,System.Collections.Generic.IEnumerable`1<BlogApi.Models.BlogItem> BlogApi.Controllers.BlogController::GetBlogItems()
DA:31,1
DA:32,1
DA:33,1
DA:34,1
FN:37,Microsoft.AspNetCore.Mvc.ActionResult`1<BlogApi.Models.BlogItem> BlogApi.Controllers.BlogController::GetBlogItem(System.Int32)
FNDA:1,Microsoft.AspNetCore.Mvc.ActionResult`1<BlogApi.Models.BlogItem> BlogApi.Controllers.BlogController::GetBlogItem(System.Int32)
DA:38,1
DA:39,1
DA:41,1
DA:42,0
DA:43,0
DA:45,1
DA:46,1
BRDA:41,20,0,0
BRDA:41,20,1,1
FN:50,Microsoft.AspNetCore.Mvc.ActionResult`1<BlogApi.Models.BlogItem> BlogApi.Controllers.BlogController::PostBlogItem(BlogApi.Models.BlogItem)
FNDA:0,Microsoft.AspNetCore.Mvc.ActionResult`1<BlogApi.Models.BlogItem> BlogApi.Controllers.BlogController::PostBlogItem(BlogApi.Models.BlogItem)
DA:51,0
DA:52,0
DA:54,0
DA:55,0
FN:59,Microsoft.AspNetCore.Mvc.IActionResult BlogApi.Controllers.BlogController::PutBlogItem(System.Int64,BlogApi.Models.BlogItem)
FNDA:0,Microsoft.AspNetCore.Mvc.IActionResult BlogApi.Controllers.BlogController::PutBlogItem(System.Int64,BlogApi.Models.BlogItem)
DA:60,0
DA:61,0
DA:62,0
DA:63,0
DA:67,0
DA:68,0
DA:69,0
DA:70,0
DA:71,0
DA:72,0
DA:75,0
DA:76,0
BRDA:61,15,0,0
BRDA:61,15,1,0
FN:80,Microsoft.AspNetCore.Mvc.IActionResult BlogApi.Controllers.BlogController::DeleteBlogItem(System.Int64)
FNDA:0,Microsoft.AspNetCore.Mvc.IActionResult BlogApi.Controllers.BlogController::DeleteBlogItem(System.Int64)
DA:81,0
DA:84,0
DA:85,0
DA:86,0
DA:87,0
DA:88,0
DA:89,0
DA:92,0
DA:93,0
FN:17,System.Void BlogApi.Controllers.BlogController::.ctor(BlogApi.Services.IBlogService)
FNDA:2,System.Void BlogApi.Controllers.BlogController::.ctor(BlogApi.Services.IBlogService)
DA:18,2
DA:19,2
DA:20,2
DA:22,2
DA:23,1
DA:24,1
DA:25,1
DA:26,2
BRDA:22,36,0,1
BRDA:22,36,1,2
LF:44
LH:17
BRF:6
BRH:3
FNF:6
FNH:3
end_of_record